INFO:__main__:[GET] /
ERROR:fastapi:Form data requires "python-multipart" to be installed. 
You can install "python-multipart" with: 

pip install python-multipart

ERROR:fastapi:Form data requires "python-multipart" to be installed. 
You can install "python-multipart" with: 

pip install python-multipart

INFO:__main__:[GET] /
INFO:__main__:{'placeId': 'ChIJ00mFOjZ5hYARk-l1ppUV6pQ', 'isUrgent': True, 'quantity': 'undefined', 'notes': 'undefined'}
INFO:__main__:{'placeId': 'ChIJTYQoiiB_hYARYAzG0_paB48', 'isUrgent': 'undefined', 'quantity': 1, 'notes': 'undefined'}
INFO:__main__:{'placeId': 'ChIJMSKJ1lzmj4ARV0D2joR8Mjs', 'isUrgent': True, 'quantity': 1, 'notes': ''}
INFO:__main__:{'placeId': 'ChIJMSKJ1lzmj4ARV0D2joR8Mjs', 'isUrgent': True, 'quantity': 1, 'notes': ''}
INFO:__main__:{'placeId': 'ChIJMSKJ1lzmj4ARV0D2joR8Mjs', 'isUrgent': 'undefined', 'quantity': 'undefined', 'notes': 'undefined'}
INFO:__main__:[GET] /
INFO:__main__:{'placeId': 'ChIJ00mFOjZ5hYARk-l1ppUV6pQ', 'isUrgent': True, 'priority': 25899}
INFO:__main__:{'place_id': 'ChIJ00mFOjZ5hYARk-l1ppUV6pQ', 'isUrgent': True, 'quantity': 124, 'category': 'Commercial'}
INFO:__main__:{'place_id': 'ChIJ00mFOjZ5hYARk-l1ppUV6pQ', 'k': 8, 'category': 'Unknown'}
INFO:__main__:{'place_id': 'ChIJ00mFOjZ5hYARk-l1ppUV6pQ', 'k': 8, 'Average Cost of Attendance': 493000}
INFO:__main__:{'place_id': 'ChIJ00mFOjZ5hYARk-l1ppUV6pQ', 'k': 8, 'Average Cost of Attendance': 493000}
INFO:__main__:{'place_id': 'ChIJ00mFOjZ5hYARk-l1ppUV6pQ', 'k': 8, 'Average Cost of Attendance': 493000}
INFO:__main__:{'place_id': 'ChIJ00mFOjZ5hYARk-l1ppUV6pQ', 'k': 8, 'Average Cost of Attendance': 493000}
INFO:__main__:{'place_id': 'ChIJ00mFOjZ5hYARk-l1ppUV6pQ', 'k': 8, 'Average Cost of Attendance': 493000}
INFO:__main__:{'place_id': 'ChIJ00mFOjZ5hYARk-l1ppUV6pQ', 'k': 8}
INFO:__main__:{'place_id': 'ChIJ00mFOjZ5hYARk-l1ppUV6pQ', 'k': 1}
INFO:__main__:{'place_id': 'ChIJTYQoiiB_hYARYAzG0_paB48', 'k': 1}
INFO:__main__:{'place_id': 'ChIJ00mFOjZ5hYARk-l1ppUV6pQ', 'k': 1}
INFO:__main__:{'place_id': 'ChIJ00mFOjZ5hYARk-l1ppUV6pQ', 'k': 1}
INFO:__main__:{'place_id': 'ChIJ00mFOjZ5hYARk-l1ppUV6pQ', 'k': 5}
INFO:__main__:{'place_id': 'ChIJ00mFOjZ5hYARk-l1ppUV6pQ', 'k': 5}
INFO:__main__:{'place_id': 'ChIJ00mFOjZ5hYARk-l1ppUV6pQ', 'k': 10, 'Average Cost of Attendance': 474000}
INFO:__main__:{'place_id': 'ChIJORy6nXuwj4ARz3b1NVL1Hw4', 'k': 10, 'Average Cost of Attendance': 474000}
INFO:__main__:{'place_id': 'ChIJ00mFOjZ5hYARk-l1ppUV6pQ', 'k': 1, 'Average Cost of Attendance': 509000}
INFO:__main__:[GET] /
INFO:__main__:{'place_id': 'ChIJ00mFOjZ5hYARk-l1ppUV6pQ', 'k': 1, 'Average Cost of Attendance': 482000}
INFO:__main__:{'place_id': 'ChIJ00mFOjZ5hYARk-l1ppUV6pQ', 'k': 1, 'Average Cost of Attendance': 491000}
INFO:__main__:{'place_id': 'ChIJ00mFOjZ5hYARk-l1ppUV6pQ', 'k': 1, 'Average Cost of Attendance': 466000}
INFO:__main__:{'place_id': 'ChIJ00mFOjZ5hYARk-l1ppUV6pQ', 'k': 1, 'Average Cost of Attendance': 486000}
INFO:__main__:{'place_id': 'ChIJ00mFOjZ5hYARk-l1ppUV6pQ', 'k': 10, 'Affordability Gap (net price minus income earned working 10 hrs at min wage)': 31150, 'Median Earnings of Students Working and Not Enrolled 10 Years After Entry': 563000, 'Race': 'Latino'}
INFO:__main__:{'place_id': 'ChIJ00mFOjZ5hYARk-l1ppUV6pQ', 'k': 1}
INFO:__main__:{'place_id': 'ChIJ00mFOjZ5hYARk-l1ppUV6pQ', 'k': 10, 'Total Enrollment': 4300, 'Major': 'STEM'}
INFO:__main__:{'place_id': 'ChIJ00mFOjZ5hYARk-l1ppUV6pQ', 'k': 1, 'Total Enrollment': 45400}
INFO:__main__:{'place_id': 'ChIJ00mFOjZ5hYARk-l1ppUV6pQ', 'k': 1, 'Total Enrollment': 45400, 'Major': 'STEM'}
INFO:__main__:{'place_id': 'ChIJ00mFOjZ5hYARk-l1ppUV6pQ', 'k': 10, 'Total Enrollment': 45400, 'Major': 'STEM'}
INFO:__main__:{'place_id': 'ChIJ00mFOjZ5hYARk-l1ppUV6pQ', 'k': 10, 'Total Enrollment': 45000, 'Major': 'STEM'}
INFO:__main__:{'place_id': 'ChIJ00mFOjZ5hYARk-l1ppUV6pQ', 'k': 20, 'Total Enrollment': 45000}
INFO:__main__:{'place_id': 'ChIJ00mFOjZ5hYARk-l1ppUV6pQ', 'k': 10, 'Total Enrollment': 47300}
INFO:__main__:{'place_id': 'ChIJ00mFOjZ5hYARk-l1ppUV6pQ', 'k': 10, 'Total Enrollment': 39500}
INFO:__main__:{'place_id': 'ChIJ00mFOjZ5hYARk-l1ppUV6pQ', 'k': 10, 'Total Enrollment': 19700}
INFO:__main__:{'place_id': 'ChIJ00mFOjZ5hYARk-l1ppUV6pQ', 'k': 10, 'Total Enrollment': 9500}
INFO:__main__:{'place_id': 'ChIJ00mFOjZ5hYARk-l1ppUV6pQ', 'k': 10, 'Total Enrollment': 45200}
INFO:__main__:{'place_id': 'ChIJ00mFOjZ5hYARk-l1ppUV6pQ', 'k': 10, 'Total Enrollment': 17800}
INFO:__main__:{'place_id': 'ChIJ00mFOjZ5hYARk-l1ppUV6pQ', 'k': 20, 'Total Enrollment': 46400, 'Major': 'STEM'}
INFO:__main__:{'place_id': 'ChIJ00mFOjZ5hYARk-l1ppUV6pQ', 'k': 1, 'Major': 'STEM'}
INFO:__main__:{'place_id': 'ChIJ00mFOjZ5hYARk-l1ppUV6pQ', 'k': 10, 'Major': 'STEM'}
INFO:__main__:{'schoolName': 'Berkeley City College', 'similarity': '1', 'searchParams': {'place_id': 'ChIJ00mFOjZ5hYARk-l1ppUV6pQ', 'k': '10', 'Major': 'STEM', 'similarity': '1'}, 'history': [{'role': 'user', 'content': 'asfsf'}], 'message': 'asfsf'}
INFO:__main__:{'schoolName': 'Berkeley City College', 'similarity': '1', 'searchParams': {'place_id': 'ChIJ00mFOjZ5hYARk-l1ppUV6pQ', 'k': '10', 'Major': 'STEM', 'similarity': '1'}, 'history': [{'role': 'user', 'content': 'hello'}], 'message': 'hello'}
INFO:__main__:{'schoolName': 'Berkeley City College', 'similarity': '1', 'searchParams': {'place_id': 'ChIJ00mFOjZ5hYARk-l1ppUV6pQ', 'k': '10', 'Major': 'STEM', 'similarity': '1'}, 'history': [{'role': 'user', 'content': 'hello'}], 'message': 'hello'}
INFO:__main__:{'schoolName': 'Berkeley City College', 'similarity': '1', 'searchParams': {'place_id': 'ChIJ00mFOjZ5hYARk-l1ppUV6pQ', 'k': '10', 'Major': 'STEM', 'similarity': '1'}, 'history': [{'role': 'user', 'content': 'hello'}], 'message': 'hello'}
INFO:__main__:Hello! I see you're looking into Berkeley City College. I'd be happy to provide more information about why it received a similarity score of 1 based on your search criteria.

Berkeley City College is a great institution, and with a similarity score of 1, it means that we've found a strong match for your requirements. Here's a breakdown of how we arrived at this score:

You mentioned you're interested in STEM fields (Science, Technology, Engineering, and Math). Berkeley City College offers a variety of programs in these areas, including Associate degrees and certificates in subjects like Computer Science, Biotechnology, and Data Analysis.

Since you specified "STEM" as one of your search parameters, we looked for schools that offer strong programs in this field. Given its reputation and course offerings, Berkeley City College was a natural fit.

Additionally, the school's location, which is tied to the "place_id" parameter, falls within a reasonable distance from your specified radius (k=10). This means you'll have access to resources and opportunities outside of campus life that align with your interests and needs.

What would you like to know more about Berkeley City College? Are there specific aspects of the school or its programs you'd like me to address?


INFO:__main__:{'schoolName': 'Berkeley City College', 'similarity': '1', 'searchParams': {'place_id': 'ChIJ00mFOjZ5hYARk-l1ppUV6pQ', 'k': '10', 'Major': 'STEM', 'similarity': '1'}, 'history': [{'role': 'user', 'content': 'hello'}], 'message': 'hello'}
INFO:__main__:It looks like we were just discussing your search for colleges that match your criteria.

The similarity score of 1 for Berkeley City College is impressive, and I'd be happy to break down why it's such a great fit. With your interest in STEM fields, Berkeley City College offers a range of courses and programs that align well with this major. Additionally, the school's location near the University of California, Berkeley, provides opportunities for potential transfer students to take advantage of UC Berkeley's renowned academic programs.

What would you like to know more about regarding Berkeley City College or your college search in general?


INFO:__main__:{'schoolName': 'Berkeley City College', 'similarity': '1', 'searchParams': {'place_id': 'ChIJ00mFOjZ5hYARk-l1ppUV6pQ', 'k': '10', 'Major': 'STEM', 'similarity': '1'}, 'history': [{'role': 'user', 'content': 'hello'}], 'message': 'hello'}
INFO:__main__:Hello! I see you've been exploring Berkeley City College as an option. The similarity match score of 1 suggests that we have a strong match based on your search criteria.

I'd like to break down what might have contributed to this high score. You were searching for schools in the area with a place ID similar to 'ChIJ00mFOjZ5hYARk-l1ppUV6pQ'. Berkeley City College is located within that geographic area, which is likely one reason why it scored so well.

Additionally, you specified STEM as your field of interest. Berkeley City College has a strong reputation for providing education and training in science, technology, engineering, and math fields. They offer a range of programs, including courses in computer programming, data analysis, and other areas that fall under the STEM umbrella.

Given these factors, it's no surprise that we received a similarity score of 1 for Berkeley City College. I'd be happy to help you explore this school further and answer any questions you might have! What would you like to know about Berkeley City College?


INFO:__main__:{'schoolName': 'Berkeley City College', 'similarity': '1', 'searchParams': {'place_id': 'ChIJ00mFOjZ5hYARk-l1ppUV6pQ', 'k': '10', 'Major': 'STEM', 'similarity': '1'}, 'history': [{'role': 'user', 'content': 'hello'}], 'message': 'hello'}
INFO:__main__:Great to hear from you again! I'd like to provide some insights on why Berkeley City College scored a perfect 1 in terms of similarity to your search criteria.

Given that you're looking for STEM programs, Berkeley City College appears to be an excellent fit. The college has strong partnerships with the University of California, Berkeley and other top institutions, providing students with access to cutting-edge technology and resources. Their curriculum is designed to prepare students for transfer into four-year universities or direct entry into the workforce in fields like computer science, engineering, and data analysis.

Additionally, the college's location within the vibrant city of Berkeley allows for plenty of opportunities for internships, networking events, and collaboration with professionals in the STEM industry.

What would you like to know more about specifically? Their transfer agreements, program offerings, or perhaps campus life?


INFO:__main__:{'schoolName': 'Berkeley City College', 'similarity': '1', 'searchParams': {'place_id': 'ChIJ00mFOjZ5hYARk-l1ppUV6pQ', 'k': '10', 'Major': 'STEM', 'similarity': '1'}, 'history': [{'role': 'user', 'content': 'hello'}], 'message': 'hello'}
INFO:__main__:
    You are a professional college counselor. You are currently counseling a prospective student that is searching for schools based on certain criterias.
    Currently, the student is looking into Berkeley City College
    The school received a similarity match score (range 0-1) of 1
    The following were the criterias: {'schoolName': 'Berkeley City College', 'similarity': '1', 'searchParams': {'place_id': 'ChIJ00mFOjZ5hYARk-l1ppUV6pQ', 'k': '10', 'Major': 'STEM', 'similarity': '1'}, 'history': [{'role': 'user', 'content': 'hello'}], 'message': 'hello'}.
    Here is the chat history: [{'role': 'user', 'content': 'hello'}]
    
    This is the new user message: hello
    Only respond to what they ask.
    Respond with a constructive review without excessive flattery on why this school received the similarity score:

    
INFO:__main__:{'place_id': 'ChIJ00mFOjZ5hYARk-l1ppUV6pQ', 'k': 20, 'Total Enrollment': 48800}
INFO:__main__:{'place_id': 'ChIJ00mFOjZ5hYARk-l1ppUV6pQ', 'k': 10, 'Transfer Out Rate': 40}
INFO:__main__:{'location': {'lat': 37.8715226, 'lng': -122.273042}, 'schools': ['Institute of Buddhist Studies', 'Acupuncture and Integrative Medicine College-Berkeley', 'Church Divinity School of the Pacific', 'Dominican School of Philosophy & Theology', 'Graduate Theological Union', 'Pacific School of Religion', 'Berkeley City College', 'Berkeley School of Theology', 'University of California-Berkeley', 'California Jazz Conservatory'], 'similarities': [0.029209176177162344, 0.029209176177162344, 0.029209176177162344, 0.029209176177162344, 0.029209176177162344, 0.029209176177162344, 0.015156483424182257, 0.01390843812911398, 0.013670011490881574, 5.833411083605256e-05], 'schoolImageUrls': ['https://www.shin-ibs.edu/wp-content/uploads/2019/05/IBS_logo_refresh.jpg', 'https://www.unigo.com/wp-content/uploads/2020/03/acupuncture-and-integrative-medicine-college-berkeley-384306-xlarge_building.jpg', 'https://www.gtu.edu/sites/default/files/styles/full_width_image/public/schools/images/cdsp1.jpg?itok=G8seAbP6&c=21447a3e9bc9920a8eeee891ad221546', 'https://upload.wikimedia.org/wikipedia/en/9/9d/Seal_of_Dominican_School_of_Philosophy_and_Theology.png', 'https://www.gtu.edu/sites/default/files/styles/colorbox_full_size/public/paragraphs/images/drone_library_untitled-27b.jpg?itok=UNZtnBq6', 'https://www.gtu.edu/sites/default/files/styles/full_width_image/public/schools/images/psr_sign.jpg?itok=hKLXw7fQ&c=f56414cc55243e14922e59a29b6f3397', 'https://www.berkeleycitycollege.edu/hs-fs/hubfs/2023-website-berkeley-city-college/photo-library/berkeley-college-street-view.jpg?width=800&height=533&name=berkeley-college-street-view.jpg', 'https://lookaside.fbsbx.com/lookaside/crawler/media/?media_id=100063671733962', 'https://upload.wikimedia.org/wikipedia/commons/a/a1/Seal_of_University_of_California%2C_Berkeley.svg', 'https://jazzschool.org/wp-content/uploads/2015/07/music2-1d09001c7d9f0123.jpg']}
INFO:__main__:{'place_id': 'ChIJ00mFOjZ5hYARk-l1ppUV6pQ', 'k': 10, 'Transfer Out Rate': 48}
INFO:__main__:{'location': {'lat': 37.8715226, 'lng': -122.273042}, 'schools': ['Institute of Buddhist Studies', 'Acupuncture and Integrative Medicine College-Berkeley', 'Church Divinity School of the Pacific', 'Dominican School of Philosophy & Theology', 'Graduate Theological Union', 'Pacific School of Religion', 'California Jazz Conservatory', 'Berkeley City College', 'Berkeley School of Theology', 'University of California-Berkeley'], 'similarities': [0.0023025482869039908, 0.0023025482869039908, 0.0023025482869039908, 0.0023025482869039908, 0.0023025482869039908, 0.0023025482869039908, 0.0015973825623304381, 0.0009826929583787477, 0.0008800128275381698, 0.0008607118224656032], 'schoolImageUrls': ['https://www.shin-ibs.edu/wp-content/uploads/2019/05/IBS_logo_refresh.jpg', 'https://www.unigo.com/wp-content/uploads/2020/03/acupuncture-and-integrative-medicine-college-berkeley-384306-xlarge_building.jpg', 'https://www.gtu.edu/sites/default/files/styles/full_width_image/public/schools/images/cdsp1.jpg?itok=G8seAbP6&c=21447a3e9bc9920a8eeee891ad221546', 'https://upload.wikimedia.org/wikipedia/en/9/9d/Seal_of_Dominican_School_of_Philosophy_and_Theology.png', 'https://www.gtu.edu/sites/default/files/styles/colorbox_full_size/public/paragraphs/images/drone_library_untitled-27b.jpg?itok=UNZtnBq6', 'https://www.gtu.edu/sites/default/files/styles/full_width_image/public/schools/images/psr_sign.jpg?itok=hKLXw7fQ&c=f56414cc55243e14922e59a29b6f3397', 'https://jazzschool.org/wp-content/uploads/2015/07/music2-1d09001c7d9f0123.jpg', 'https://www.berkeleycitycollege.edu/hs-fs/hubfs/2023-website-berkeley-city-college/photo-library/berkeley-college-street-view.jpg?width=800&height=533&name=berkeley-college-street-view.jpg', 'https://lookaside.fbsbx.com/lookaside/crawler/media/?media_id=100063671733962', 'https://upload.wikimedia.org/wikipedia/commons/a/a1/Seal_of_University_of_California%2C_Berkeley.svg']}
INFO:__main__:{'place_id': 'ChIJ00mFOjZ5hYARk-l1ppUV6pQ', 'k': 10, 'Transfer Out Rate': 46}
INFO:__main__:{'location': {'lat': 37.8715226, 'lng': -122.273042}, 'schools': ['Institute of Buddhist Studies', 'Acupuncture and Integrative Medicine College-Berkeley', 'Church Divinity School of the Pacific', 'Dominican School of Philosophy & Theology', 'Graduate Theological Union', 'Pacific School of Religion', 'Berkeley City College', 'Berkeley School of Theology', 'University of California-Berkeley', 'California Jazz Conservatory'], 'similarities': [0.004633235442929233, 0.004633235442929233, 0.004633235442929233, 0.004633235442929233, 0.004633235442929233, 0.004633235442929233, 0.002076399799138265, 0.0018708300008248057, 0.001832033999070192, 0.0007445353677778681], 'schoolImageUrls': ['https://www.shin-ibs.edu/wp-content/uploads/2019/05/IBS_logo_refresh.jpg', 'https://www.unigo.com/wp-content/uploads/2020/03/acupuncture-and-integrative-medicine-college-berkeley-384306-xlarge_building.jpg', 'https://www.gtu.edu/sites/default/files/styles/full_width_image/public/schools/images/cdsp1.jpg?itok=G8seAbP6&c=21447a3e9bc9920a8eeee891ad221546', 'https://upload.wikimedia.org/wikipedia/en/9/9d/Seal_of_Dominican_School_of_Philosophy_and_Theology.png', 'https://www.gtu.edu/sites/default/files/styles/colorbox_full_size/public/paragraphs/images/drone_library_untitled-27b.jpg?itok=UNZtnBq6', 'https://www.gtu.edu/sites/default/files/styles/full_width_image/public/schools/images/psr_sign.jpg?itok=hKLXw7fQ&c=f56414cc55243e14922e59a29b6f3397', 'https://www.berkeleycitycollege.edu/hs-fs/hubfs/2023-website-berkeley-city-college/photo-library/berkeley-college-street-view.jpg?width=800&height=533&name=berkeley-college-street-view.jpg', 'https://lookaside.fbsbx.com/lookaside/crawler/media/?media_id=100063671733962', 'https://upload.wikimedia.org/wikipedia/commons/a/a1/Seal_of_University_of_California%2C_Berkeley.svg', 'https://jazzschool.org/wp-content/uploads/2015/07/music2-1d09001c7d9f0123.jpg']}
INFO:__main__:{'schoolName': 'Dominican School of Philosophy & Theology', 'similarity': '0.004633235442929233', 'searchParams': {"Income Earned from Working 10 Hours a Week at State's Minimum Wage": 'NaN', 'Affordability Gap (net price minus income earned working 10 hrs at min wage)': 'NaN', 'Adjusted Monthly Center-Based Child Care Cost': 'NaN', 'Total Enrollment': 'NaN', 'Transfer Out Rate': '46', 'Median Earnings of Students Working and Not Enrolled 10 Years After Entry': 'NaN', 'Percent of Undergraduates Age 25 and Older': 'NaN', 'Average Cost of Attendance': 'NaN', 'Major': 'null', 'Race': 'null', 'collegeCount': '10', 'similarity': '0.004633235442929233', 'imageUrl': 'https://upload.wikimedia.org/wikipedia/en/9/9d/Seal_of_Dominican_School_of_Philosophy_and_Theology.png'}, 'history': [{'role': 'user', 'content': 'hello'}], 'message': 'hello'}
INFO:__main__:
    You are a professional college counselor. You are currently counseling a prospective student that is searching for schools based on certain criterias.
    Currently, the student is looking into Dominican School of Philosophy & Theology
    The school received a similarity match score (range 0-1) of 0.004633235442929233
    The following were the criterias: {"Income Earned from Working 10 Hours a Week at State's Minimum Wage": 'NaN', 'Affordability Gap (net price minus income earned working 10 hrs at min wage)': 'NaN', 'Adjusted Monthly Center-Based Child Care Cost': 'NaN', 'Total Enrollment': 'NaN', 'Transfer Out Rate': '46', 'Median Earnings of Students Working and Not Enrolled 10 Years After Entry': 'NaN', 'Percent of Undergraduates Age 25 and Older': 'NaN', 'Average Cost of Attendance': 'NaN', 'Major': 'null', 'Race': 'null', 'collegeCount': '10', 'similarity': '0.004633235442929233', 'imageUrl': 'https://upload.wikimedia.org/wikipedia/en/9/9d/Seal_of_Dominican_School_of_Philosophy_and_Theology.png'}.
    Here is the chat history: [{'role': 'user', 'content': 'hello'}]
    
    This is the new user message: hello
    Only respond to what they ask. No prologues or epilogues.
    Respond with a constructive review without excessive flattery on why this school received the similarity score:

    
INFO:__main__:{'schoolName': 'Dominican School of Philosophy & Theology', 'similarity': '0.004633235442929233', 'searchParams': {"Income Earned from Working 10 Hours a Week at State's Minimum Wage": 'NaN', 'Affordability Gap (net price minus income earned working 10 hrs at min wage)': 'NaN', 'Adjusted Monthly Center-Based Child Care Cost': 'NaN', 'Total Enrollment': 'NaN', 'Transfer Out Rate': '46', 'Median Earnings of Students Working and Not Enrolled 10 Years After Entry': 'NaN', 'Percent of Undergraduates Age 25 and Older': 'NaN', 'Average Cost of Attendance': 'NaN', 'Major': 'null', 'Race': 'null', 'collegeCount': '10', 'similarity': '0.004633235442929233', 'imageUrl': 'https://upload.wikimedia.org/wikipedia/en/9/9d/Seal_of_Dominican_School_of_Philosophy_and_Theology.png'}, 'history': [{'role': 'user', 'content': "What's this college about"}], 'message': "What's this college about"}
INFO:__main__:
    You are a professional college counselor. You are currently counseling a prospective student that is searching for schools based on certain criterias.
    Currently, the student is looking into Dominican School of Philosophy & Theology
    The school received a similarity match score (range 0-1) of 0.004633235442929233
    The following were the criterias: {"Income Earned from Working 10 Hours a Week at State's Minimum Wage": 'NaN', 'Affordability Gap (net price minus income earned working 10 hrs at min wage)': 'NaN', 'Adjusted Monthly Center-Based Child Care Cost': 'NaN', 'Total Enrollment': 'NaN', 'Transfer Out Rate': '46', 'Median Earnings of Students Working and Not Enrolled 10 Years After Entry': 'NaN', 'Percent of Undergraduates Age 25 and Older': 'NaN', 'Average Cost of Attendance': 'NaN', 'Major': 'null', 'Race': 'null', 'collegeCount': '10', 'similarity': '0.004633235442929233', 'imageUrl': 'https://upload.wikimedia.org/wikipedia/en/9/9d/Seal_of_Dominican_School_of_Philosophy_and_Theology.png'}.
    Here is the chat history: [{'role': 'user', 'content': "What's this college about"}]
    
    This is the new user message: What's this college about
    Only respond to what they ask. No prologues or epilogues. Under 100 words.
    Respond with a constructive review without excessive flattery on why this school received the similarity score:

    
INFO:__main__:{'place_id': 'ChIJ00mFOjZ5hYARk-l1ppUV6pQ', 'k': 1, 'Major': 'STEM'}
INFO:__main__:{'location': {'lat': 37.8715226, 'lng': -122.273042}, 'schools': ['Berkeley City College'], 'similarities': [1.0], 'schoolImageUrls': ['https://www.berkeleycitycollege.edu/hs-fs/hubfs/2023-website-berkeley-city-college/photo-library/berkeley-college-street-view.jpg?width=800&height=533&name=berkeley-college-street-view.jpg']}
INFO:__main__:{'place_id': 'ChIJ00mFOjZ5hYARk-l1ppUV6pQ', 'k': 10, 'Major': 'STEM'}
INFO:__main__:{'location': {'lat': 37.8715226, 'lng': -122.273042}, 'schools': ['Berkeley City College', 'University of California-Berkeley', 'California Jazz Conservatory', 'Institute of Buddhist Studies', 'Acupuncture and Integrative Medicine College-Berkeley', 'Berkeley School of Theology', 'Church Divinity School of the Pacific', 'Dominican School of Philosophy & Theology', 'Graduate Theological Union', 'Pacific School of Religion'], 'similarities': [1.0, 1.0, 0.8007374029168081, 0.41111229050718745, 0.41111229050718745, 0.41111229050718745, 0.41111229050718745, 0.41111229050718745, 0.41111229050718745, 0.41111229050718745], 'schoolImageUrls': ['https://www.berkeleycitycollege.edu/hs-fs/hubfs/2023-website-berkeley-city-college/photo-library/berkeley-college-street-view.jpg?width=800&height=533&name=berkeley-college-street-view.jpg', 'https://upload.wikimedia.org/wikipedia/commons/a/a1/Seal_of_University_of_California%2C_Berkeley.svg', 'https://jazzschool.org/wp-content/uploads/2015/07/music2-1d09001c7d9f0123.jpg', 'https://www.shin-ibs.edu/wp-content/uploads/2019/05/IBS_logo_refresh.jpg', 'https://www.unigo.com/wp-content/uploads/2020/03/acupuncture-and-integrative-medicine-college-berkeley-384306-xlarge_building.jpg', 'https://lookaside.fbsbx.com/lookaside/crawler/media/?media_id=100063671733962', 'https://www.gtu.edu/sites/default/files/styles/full_width_image/public/schools/images/cdsp1.jpg?itok=G8seAbP6&c=21447a3e9bc9920a8eeee891ad221546', 'https://upload.wikimedia.org/wikipedia/en/9/9d/Seal_of_Dominican_School_of_Philosophy_and_Theology.png', 'https://www.gtu.edu/sites/default/files/styles/colorbox_full_size/public/paragraphs/images/drone_library_untitled-27b.jpg?itok=UNZtnBq6', 'https://www.gtu.edu/sites/default/files/styles/full_width_image/public/schools/images/psr_sign.jpg?itok=hKLXw7fQ&c=f56414cc55243e14922e59a29b6f3397']}
INFO:__main__:{'place_id': 'ChIJ00mFOjZ5hYARk-l1ppUV6pQ', 'k': 10, 'Transfer Out Rate': 46}
INFO:__main__:{'location': {'lat': 37.8715226, 'lng': -122.273042}, 'schools': ['Institute of Buddhist Studies', 'Acupuncture and Integrative Medicine College-Berkeley', 'Church Divinity School of the Pacific', 'Dominican School of Philosophy & Theology', 'Graduate Theological Union', 'Pacific School of Religion', 'Berkeley City College', 'Berkeley School of Theology', 'University of California-Berkeley', 'California Jazz Conservatory'], 'similarities': [0.004633235442929233, 0.004633235442929233, 0.004633235442929233, 0.004633235442929233, 0.004633235442929233, 0.004633235442929233, 0.002076399799138265, 0.0018708300008248057, 0.001832033999070192, 0.0007445353677778681], 'schoolImageUrls': ['https://www.shin-ibs.edu/wp-content/uploads/2019/05/IBS_logo_refresh.jpg', 'https://www.unigo.com/wp-content/uploads/2020/03/acupuncture-and-integrative-medicine-college-berkeley-384306-xlarge_building.jpg', 'https://www.gtu.edu/sites/default/files/styles/full_width_image/public/schools/images/cdsp1.jpg?itok=G8seAbP6&c=21447a3e9bc9920a8eeee891ad221546', 'https://upload.wikimedia.org/wikipedia/en/9/9d/Seal_of_Dominican_School_of_Philosophy_and_Theology.png', 'https://www.gtu.edu/sites/default/files/styles/colorbox_full_size/public/paragraphs/images/drone_library_untitled-27b.jpg?itok=UNZtnBq6', 'https://www.gtu.edu/sites/default/files/styles/full_width_image/public/schools/images/psr_sign.jpg?itok=hKLXw7fQ&c=f56414cc55243e14922e59a29b6f3397', 'https://www.berkeleycitycollege.edu/hs-fs/hubfs/2023-website-berkeley-city-college/photo-library/berkeley-college-street-view.jpg?width=800&height=533&name=berkeley-college-street-view.jpg', 'https://lookaside.fbsbx.com/lookaside/crawler/media/?media_id=100063671733962', 'https://upload.wikimedia.org/wikipedia/commons/a/a1/Seal_of_University_of_California%2C_Berkeley.svg', 'https://jazzschool.org/wp-content/uploads/2015/07/music2-1d09001c7d9f0123.jpg']}
INFO:__main__:{'place_id': 'ChIJ00mFOjZ5hYARk-l1ppUV6pQ', 'k': 1}
INFO:__main__:{'place_id': 'ChIJ00mFOjZ5hYARk-l1ppUV6pQ', 'k': 1}
INFO:__main__:{'place_id': 'ChIJ00mFOjZ5hYARk-l1ppUV6pQ', 'k': 1}
INFO:__main__:{'place_id': 'ChIJ00mFOjZ5hYARk-l1ppUV6pQ', 'k': 1}
INFO:__main__:{'place_id': 'ChIJ00mFOjZ5hYARk-l1ppUV6pQ', 'k': 1}
INFO:__main__:{'place_id': 'ChIJ00mFOjZ5hYARk-l1ppUV6pQ', 'k': 10}
INFO:__main__:{'place_id': 'ChIJ00mFOjZ5hYARk-l1ppUV6pQ', 'k': 10}
INFO:__main__:{'place_id': 'ChIJ00mFOjZ5hYARk-l1ppUV6pQ', 'k': 1}
INFO:__main__:{'place_id': 'ChIJ00mFOjZ5hYARk-l1ppUV6pQ', 'k': 1}
INFO:__main__:{'location': {'lat': 37.8715226, 'lng': -122.273042}, 'schools': ['Berkeley City College'], 'similarities': [1.0], 'schoolImageUrls': ['https://www.berkeleycitycollege.edu/hs-fs/hubfs/2023-website-berkeley-city-college/photo-library/berkeley-college-street-view.jpg?width=800&height=533&name=berkeley-college-street-view.jpg']}
INFO:__main__:{'place_id': 'ChIJ00mFOjZ5hYARk-l1ppUV6pQ', 'k': 10}
INFO:__main__:{'place_id': 'ChIJ00mFOjZ5hYARk-l1ppUV6pQ', 'k': 10}
INFO:__main__:{'location': {'lat': 37.8715226, 'lng': -122.273042}, 'schools': ['Church Divinity School of the Pacific', 'Dominican School of Philosophy & Theology', 'Graduate Theological Union', 'Pacific School of Religion', 'Berkeley School of Theology', 'University of California-Berkeley', 'Acupuncture and Integrative Medicine College-Berkeley', 'Berkeley City College', 'California Jazz Conservatory', 'Institute of Buddhist Studies'], 'similarities': [1.0, 0.9, 0.8, 0.7, 0.6, 0.5, 0.4, 0.3, 0.2, 0.1], 'schoolImageUrls': ['https://www.gtu.edu/sites/default/files/styles/full_width_image/public/schools/images/cdsp1.jpg?itok=G8seAbP6&c=21447a3e9bc9920a8eeee891ad221546', 'https://upload.wikimedia.org/wikipedia/en/9/9d/Seal_of_Dominican_School_of_Philosophy_and_Theology.png', 'https://www.gtu.edu/sites/default/files/styles/colorbox_full_size/public/paragraphs/images/drone_library_untitled-27b.jpg?itok=UNZtnBq6', 'https://www.gtu.edu/sites/default/files/styles/full_width_image/public/schools/images/psr_sign.jpg?itok=hKLXw7fQ&c=f56414cc55243e14922e59a29b6f3397', 'https://lookaside.fbsbx.com/lookaside/crawler/media/?media_id=100063671733962', 'https://upload.wikimedia.org/wikipedia/commons/a/a1/Seal_of_University_of_California%2C_Berkeley.svg', 'https://www.unigo.com/wp-content/uploads/2020/03/acupuncture-and-integrative-medicine-college-berkeley-384306-xlarge_building.jpg', 'https://www.berkeleycitycollege.edu/hs-fs/hubfs/2023-website-berkeley-city-college/photo-library/berkeley-college-street-view.jpg?width=800&height=533&name=berkeley-college-street-view.jpg', 'https://jazzschool.org/wp-content/uploads/2015/07/music2-1d09001c7d9f0123.jpg', 'https://www.shin-ibs.edu/wp-content/uploads/2019/05/IBS_logo_refresh.jpg']}
INFO:__main__:{'place_id': 'ChIJ00mFOjZ5hYARk-l1ppUV6pQ', 'k': 10}
INFO:__main__:{'place_id': 'ChIJ00mFOjZ5hYARk-l1ppUV6pQ', 'k': 10}
INFO:__main__:{'location': {'lat': 37.8715226, 'lng': -122.273042}, 'schools': ['Church Divinity School of the Pacific', 'Dominican School of Philosophy & Theology', 'Graduate Theological Union', 'Pacific School of Religion', 'Berkeley School of Theology', 'University of California-Berkeley', 'Acupuncture and Integrative Medicine College-Berkeley', 'Berkeley City College', 'California Jazz Conservatory', 'Institute of Buddhist Studies'], 'similarities': [1.0, 0.9, 0.8, 0.7, 0.6, 0.5, 0.4, 0.3, 0.2, 0.1], 'schoolImageUrls': ['https://www.gtu.edu/sites/default/files/styles/full_width_image/public/schools/images/cdsp1.jpg?itok=G8seAbP6&c=21447a3e9bc9920a8eeee891ad221546', 'https://upload.wikimedia.org/wikipedia/en/9/9d/Seal_of_Dominican_School_of_Philosophy_and_Theology.png', 'https://www.gtu.edu/sites/default/files/styles/colorbox_full_size/public/paragraphs/images/drone_library_untitled-27b.jpg?itok=UNZtnBq6', 'https://www.gtu.edu/sites/default/files/styles/full_width_image/public/schools/images/psr_sign.jpg?itok=hKLXw7fQ&c=f56414cc55243e14922e59a29b6f3397', 'https://lookaside.fbsbx.com/lookaside/crawler/media/?media_id=100063671733962', 'https://upload.wikimedia.org/wikipedia/commons/a/a1/Seal_of_University_of_California%2C_Berkeley.svg', 'https://www.unigo.com/wp-content/uploads/2020/03/acupuncture-and-integrative-medicine-college-berkeley-384306-xlarge_building.jpg', 'https://www.berkeleycitycollege.edu/hs-fs/hubfs/2023-website-berkeley-city-college/photo-library/berkeley-college-street-view.jpg?width=800&height=533&name=berkeley-college-street-view.jpg', 'https://jazzschool.org/wp-content/uploads/2015/07/music2-1d09001c7d9f0123.jpg', 'https://www.shin-ibs.edu/wp-content/uploads/2019/05/IBS_logo_refresh.jpg']}
INFO:__main__:{'place_id': 'ChIJ00mFOjZ5hYARk-l1ppUV6pQ', 'k': 10}
INFO:__main__:{'place_id': 'ChIJ00mFOjZ5hYARk-l1ppUV6pQ', 'k': 10}
INFO:__main__:{'location': {'lat': 37.8715226, 'lng': -122.273042}, 'schools': ['Church Divinity School of the Pacific', 'Dominican School of Philosophy & Theology', 'Graduate Theological Union', 'Pacific School of Religion', 'Berkeley School of Theology', 'University of California-Berkeley', 'Acupuncture and Integrative Medicine College-Berkeley', 'Berkeley City College', 'California Jazz Conservatory', 'Institute of Buddhist Studies'], 'similarities': [1.0, 0.9, 0.8, 0.7, 0.6, 0.5, 0.4, 0.3, 0.2, 0.1], 'schoolImageUrls': ['https://www.gtu.edu/sites/default/files/styles/full_width_image/public/schools/images/cdsp1.jpg?itok=G8seAbP6&c=21447a3e9bc9920a8eeee891ad221546', 'https://upload.wikimedia.org/wikipedia/en/9/9d/Seal_of_Dominican_School_of_Philosophy_and_Theology.png', 'https://www.gtu.edu/sites/default/files/styles/colorbox_full_size/public/paragraphs/images/drone_library_untitled-27b.jpg?itok=UNZtnBq6', 'https://www.gtu.edu/sites/default/files/styles/full_width_image/public/schools/images/psr_sign.jpg?itok=hKLXw7fQ&c=f56414cc55243e14922e59a29b6f3397', 'https://lookaside.fbsbx.com/lookaside/crawler/media/?media_id=100063671733962', 'https://upload.wikimedia.org/wikipedia/commons/a/a1/Seal_of_University_of_California%2C_Berkeley.svg', 'https://www.unigo.com/wp-content/uploads/2020/03/acupuncture-and-integrative-medicine-college-berkeley-384306-xlarge_building.jpg', 'https://www.berkeleycitycollege.edu/hs-fs/hubfs/2023-website-berkeley-city-college/photo-library/berkeley-college-street-view.jpg?width=800&height=533&name=berkeley-college-street-view.jpg', 'https://jazzschool.org/wp-content/uploads/2015/07/music2-1d09001c7d9f0123.jpg', 'https://www.shin-ibs.edu/wp-content/uploads/2019/05/IBS_logo_refresh.jpg']}
INFO:__main__:{'place_id': 'ChIJ00mFOjZ5hYARk-l1ppUV6pQ', 'k': 10}
INFO:__main__:{'place_id': 'ChIJ00mFOjZ5hYARk-l1ppUV6pQ', 'k': 10}
INFO:__main__:{'location': {'lat': 37.8715226, 'lng': -122.273042}, 'schools': ['Church Divinity School of the Pacific', 'Dominican School of Philosophy & Theology', 'Graduate Theological Union', 'Pacific School of Religion', 'Berkeley School of Theology', 'University of California-Berkeley', 'Acupuncture and Integrative Medicine College-Berkeley', 'Berkeley City College', 'California Jazz Conservatory', 'Institute of Buddhist Studies'], 'similarities': [1.0, 0.9, 0.8, 0.7, 0.6, 0.5, 0.4, 0.3, 0.2, 0.1], 'schoolImageUrls': ['https://www.gtu.edu/sites/default/files/styles/full_width_image/public/schools/images/cdsp1.jpg?itok=G8seAbP6&c=21447a3e9bc9920a8eeee891ad221546', 'https://upload.wikimedia.org/wikipedia/en/9/9d/Seal_of_Dominican_School_of_Philosophy_and_Theology.png', 'https://www.gtu.edu/sites/default/files/styles/colorbox_full_size/public/paragraphs/images/drone_library_untitled-27b.jpg?itok=UNZtnBq6', 'https://www.gtu.edu/sites/default/files/styles/full_width_image/public/schools/images/psr_sign.jpg?itok=hKLXw7fQ&c=f56414cc55243e14922e59a29b6f3397', 'https://lookaside.fbsbx.com/lookaside/crawler/media/?media_id=100063671733962', 'https://upload.wikimedia.org/wikipedia/commons/a/a1/Seal_of_University_of_California%2C_Berkeley.svg', 'https://www.unigo.com/wp-content/uploads/2020/03/acupuncture-and-integrative-medicine-college-berkeley-384306-xlarge_building.jpg', 'https://www.berkeleycitycollege.edu/hs-fs/hubfs/2023-website-berkeley-city-college/photo-library/berkeley-college-street-view.jpg?width=800&height=533&name=berkeley-college-street-view.jpg', 'https://jazzschool.org/wp-content/uploads/2015/07/music2-1d09001c7d9f0123.jpg', 'https://www.shin-ibs.edu/wp-content/uploads/2019/05/IBS_logo_refresh.jpg']}
